#
# There is insufficient memory for the Java Runtime Environment to continue.
# Native memory allocation (malloc) failed to allocate 32744 bytes for ChunkPool::allocate
# Possible reasons:
#   The system is out of physical RAM or swap space
#   In 32 bit mode, the process size limit was hit
# Possible solutions:
#   Reduce memory load on the system
#   Increase physical memory or swap space
#   Check if swap backing store is full
#   Use 64 bit Java on a 64 bit OS
#   Decrease Java heap size (-Xmx/-Xms)
#   Decrease number of Java threads
#   Decrease Java thread stack sizes (-Xss)
#   Set larger code cache with -XX:ReservedCodeCacheSize=
# This output file may be truncated or incomplete.
#
#  Out of Memory Error (allocation.cpp:273), pid=9012, tid=0x00000000000022dc
#
# JRE version: Java(TM) SE Runtime Environment (8.0_92-b14) (build 1.8.0_92-b14)
# Java VM: Java HotSpot(TM) 64-Bit Server VM (25.92-b14 mixed mode windows-amd64 compressed oops)
# Failed to write core dump. Minidumps are not enabled by default on client versions of Windows
#

---------------  T H R E A D  ---------------

Current thread (0x000000005649f800):  JavaThread "C2 CompilerThread1" daemon [_thread_in_native, id=8924, stack(0x0000000056c80000,0x0000000056d80000)]

Stack: [0x0000000056c80000,0x0000000056d80000]
[error occurred during error reporting (printing stack bounds), id 0xc0000005]

Native frames: (J=compiled Java code, j=interpreted, Vv=VM code, C=native code)


Current CompileTask:
C2:  21764 2252   !   4       com.android.dx.cf.code.BytecodeArray::parseInstruction (2764 bytes)


---------------  P R O C E S S  ---------------

Java Threads: ( => current thread )
  0x0000000056828800 JavaThread "pool-1-thread-4" [_thread_blocked, id=280, stack(0x0000000057f80000,0x0000000058080000)]
  0x0000000056823000 JavaThread "pool-1-thread-3" [_thread_blocked, id=7008, stack(0x0000000057d70000,0x0000000057e70000)]
  0x0000000056747000 JavaThread "pool-1-thread-2" [_thread_blocked, id=5556, stack(0x0000000057b10000,0x0000000057c10000)]
  0x0000000056744800 JavaThread "pool-2-thread-1" [_thread_blocked, id=9124, stack(0x0000000057810000,0x0000000057910000)]
  0x0000000056741800 JavaThread "pool-1-thread-1" [_thread_blocked, id=7488, stack(0x00000000579b0000,0x0000000057ab0000)]
  0x000000005651d000 JavaThread "Service Thread" daemon [_thread_blocked, id=8824, stack(0x0000000056f10000,0x0000000057010000)]
  0x00000000564a1000 JavaThread "C1 CompilerThread2" daemon [_thread_blocked, id=7624, stack(0x0000000056d90000,0x0000000056e90000)]
=>0x000000005649f800 JavaThread "C2 CompilerThread1" daemon [_thread_in_native, id=8924, stack(0x0000000056c80000,0x0000000056d80000)]
  0x000000005648b800 JavaThread "C2 CompilerThread0" daemon [_thread_in_native, id=1716, stack(0x0000000056b60000,0x0000000056c60000)]
  0x0000000054e33000 JavaThread "Attach Listener" daemon [_thread_blocked, id=9052, stack(0x00000000569e0000,0x0000000056ae0000)]
  0x0000000054e32000 JavaThread "Signal Dispatcher" daemon [_thread_blocked, id=8764, stack(0x0000000055ed0000,0x0000000055fd0000)]
  0x0000000054e19800 JavaThread "Finalizer" daemon [_thread_blocked, id=7848, stack(0x0000000056380000,0x0000000056480000)]
  0x0000000054dd2000 JavaThread "Reference Handler" daemon [_thread_blocked, id=8268, stack(0x0000000056170000,0x0000000056270000)]
  0x000000000228e000 JavaThread "main" [_thread_blocked, id=3132, stack(0x00000000025c0000,0x00000000026c0000)]

Other Threads:
  0x0000000054dca800 VMThread [stack: 0x0000000055fd0000,0x00000000560d0000] [id=9108]
  0x0000000056564800 WatcherThread [stack: 0x00000000568a0000,0x00000000569a0000] [id=8612]

VM state:at safepoint (normal execution)

VM Mutex/Monitor currently owned by a thread:  ([mutex/lock_event])
[0x000000000228c8b0] Safepoint_lock - owner thread: 0x0000000054dca800
[0x000000000228c930] Threads_lock - owner thread: 0x0000000054dca800

Heap:
 PSYoungGen      total 147456K, used 137094K [0x00000000eab00000, 0x00000000f6580000, 0x0000000100000000)
  eden space 129024K, 99% used [0x00000000eab00000,0x00000000f2876308,0x00000000f2900000)
  from space 18432K, 46% used [0x00000000f2900000,0x00000000f316b598,0x00000000f3b00000)
  to   space 26624K, 0% used [0x00000000f4b80000,0x00000000f4b80000,0x00000000f6580000)
 ParOldGen       total 75776K, used 43592K [0x00000000c0000000, 0x00000000c4a00000, 0x00000000eab00000)
  object space 75776K, 57% used [0x00000000c0000000,0x00000000c2a920f0,0x00000000c4a00000)
 Metaspace       used 6590K, capacity 7256K, committed 7424K, reserved 1056768K
  class space    used 629K, capacity 656K, committed 768K, reserved 1048576K

Card table byte_map: [0x0000000011a80000,0x0000000011c90000] byte_map_base: 0x0000000011480000

Marking Bits: (ParMarkBitMap*) 0x00000000674364f0
 Begin Bits: [0x0000000012240000, 0x0000000013240000)
 End Bits:   [0x0000000013240000, 0x0000000014240000)

Polling page: 0x0000000000110000

CodeCache: size=245760Kb used=9940Kb max_used=9940Kb free=235819Kb
 bounds [0x00000000026c0000, 0x0000000003080000, 0x00000000116c0000]
 total_blobs=2424 nmethods=2152 adapters=184
 compilation: enabled

Compilation events (10 events):
Event: 18.390 Thread 0x00000000564a1000 2300       2       com.android.dx.cf.code.BytecodeArray$ConstantParserVisitor::visitConstant (18 bytes)
Event: 18.390 Thread 0x00000000564a1000 nmethod 2300 0x0000000003037610 code [0x0000000003037760, 0x00000000030378d0]
Event: 18.417 Thread 0x00000000564a1000 2301   !   2       com.android.dx.command.dexer.Main$DirectClassFileConsumer::call (352 bytes)
Event: 18.422 Thread 0x00000000564a1000 nmethod 2301 0x0000000003076950 code [0x0000000003076c00, 0x0000000003077c08]
Event: 18.426 Thread 0x00000000564a1000 2302       2       com.android.dx.rop.code.Rops::opConv (231 bytes)
Event: 18.429 Thread 0x00000000564a1000 nmethod 2302 0x0000000003078fd0 code [0x0000000003079260, 0x0000000003079db8]
Event: 18.462 Thread 0x00000000564a1000 2304       2       com.android.dx.ssa.back.FirstFitLocalCombiningAllocator::fitPlanForRange (250 bytes)
Event: 18.499 Thread 0x00000000564a1000 nmethod 2304 0x000000000307aad0 code [0x000000000307ad60, 0x000000000307b7d8]
Event: 18.502 Thread 0x00000000564a1000 2305       2       com.android.dx.rop.cst.CstLiteral32::getLongBits (6 bytes)
Event: 18.502 Thread 0x00000000564a1000 nmethod 2305 0x00000000027d4790 code [0x00000000027d48e0, 0x00000000027d4a30]

GC Heap History (10 events):
Event: 10.629 GC heap before
{Heap before GC invocations=7 (full 0):
 PSYoungGen      total 75264K, used 74639K [0x00000000eab00000, 0x00000000f0000000, 0x0000000100000000)
  eden space 68096K, 100% used [0x00000000eab00000,0x00000000eed80000,0x00000000eed80000)
  from space 7168K, 91% used [0x00000000ef600000,0x00000000efc63df8,0x00000000efd00000)
  to   space 8704K, 0% used [0x00000000eed80000,0x00000000eed80000,0x00000000ef600000)
 ParOldGen       total 22016K, used 12249K [0x00000000c0000000, 0x00000000c1580000, 0x00000000eab00000)
  object space 22016K, 55% used [0x00000000c0000000,0x00000000c0bf65a8,0x00000000c1580000)
 Metaspace       used 6446K, capacity 7158K, committed 7296K, reserved 1056768K
  class space    used 610K, capacity 622K, committed 640K, reserved 1048576K
Event: 10.735 GC heap after
Heap after GC invocations=7 (full 0):
 PSYoungGen      total 76800K, used 8703K [0x00000000eab00000, 0x00000000f4d00000, 0x0000000100000000)
  eden space 68096K, 0% used [0x00000000eab00000,0x00000000eab00000,0x00000000eed80000)
  from space 8704K, 99% used [0x00000000eed80000,0x00000000ef5fffd8,0x00000000ef600000)
  to   space 14848K, 0% used [0x00000000f3e80000,0x00000000f3e80000,0x00000000f4d00000)
 ParOldGen       total 22016K, used 21065K [0x00000000c0000000, 0x00000000c1580000, 0x00000000eab00000)
  object space 22016K, 95% used [0x00000000c0000000,0x00000000c14924c0,0x00000000c1580000)
 Metaspace       used 6446K, capacity 7158K, committed 7296K, reserved 1056768K
  class space    used 610K, capacity 622K, committed 640K, reserved 1048576K
}
Event: 10.735 GC heap before
{Heap before GC invocations=8 (full 1):
 PSYoungGen      total 76800K, used 8703K [0x00000000eab00000, 0x00000000f4d00000, 0x0000000100000000)
  eden space 68096K, 0% used [0x00000000eab00000,0x00000000eab00000,0x00000000eed80000)
  from space 8704K, 99% used [0x00000000eed80000,0x00000000ef5fffd8,0x00000000ef600000)
  to   space 14848K, 0% used [0x00000000f3e80000,0x00000000f3e80000,0x00000000f4d00000)
 ParOldGen       total 22016K, used 21065K [0x00000000c0000000, 0x00000000c1580000, 0x00000000eab00000)
  object space 22016K, 95% used [0x00000000c0000000,0x00000000c14924c0,0x00000000c1580000)
 Metaspace       used 6446K, capacity 7158K, committed 7296K, reserved 1056768K
  class space    used 610K, capacity 622K, committed 640K, reserved 1048576K
Event: 11.573 GC heap after
Heap after GC invocations=8 (full 1):
 PSYoungGen      total 76800K, used 6118K [0x00000000eab00000, 0x00000000f4d00000, 0x0000000100000000)
  eden space 68096K, 0% used [0x00000000eab00000,0x00000000eab00000,0x00000000eed80000)
  from space 8704K, 70% used [0x00000000eed80000,0x00000000ef379ba0,0x00000000ef600000)
  to   space 14848K, 0% used [0x00000000f3e80000,0x00000000f3e80000,0x00000000f4d00000)
 ParOldGen       total 44032K, used 21947K [0x00000000c0000000, 0x00000000c2b00000, 0x00000000eab00000)
  object space 44032K, 49% used [0x00000000c0000000,0x00000000c156ed58,0x00000000c2b00000)
 Metaspace       used 6446K, capacity 7158K, committed 7296K, reserved 1056768K
  class space    used 610K, capacity 622K, committed 640K, reserved 1048576K
}
Event: 13.352 GC heap before
{Heap before GC invocations=9 (full 1):
 PSYoungGen      total 76800K, used 74214K [0x00000000eab00000, 0x00000000f4d00000, 0x0000000100000000)
  eden space 68096K, 100% used [0x00000000eab00000,0x00000000eed80000,0x00000000eed80000)
  from space 8704K, 70% used [0x00000000eed80000,0x00000000ef379ba0,0x00000000ef600000)
  to   space 14848K, 0% used [0x00000000f3e80000,0x00000000f3e80000,0x00000000f4d00000)
 ParOldGen       total 44032K, used 21947K [0x00000000c0000000, 0x00000000c2b00000, 0x00000000eab00000)
  object space 44032K, 49% used [0x00000000c0000000,0x00000000c156ed58,0x00000000c2b00000)
 Metaspace       used 6476K, capacity 7222K, committed 7296K, reserved 1056768K
  class space    used 610K, capacity 622K, committed 640K, reserved 1048576K
Event: 13.442 GC heap after
Heap after GC invocations=9 (full 1):
 PSYoungGen      total 114688K, used 14837K [0x00000000eab00000, 0x00000000f4d00000, 0x0000000100000000)
  eden space 99840K, 0% used [0x00000000eab00000,0x00000000eab00000,0x00000000f0c80000)
  from space 14848K, 99% used [0x00000000f3e80000,0x00000000f4cfd400,0x00000000f4d00000)
  to   space 18432K, 0% used [0x00000000f2900000,0x00000000f2900000,0x00000000f3b00000)
 ParOldGen       total 44032K, used 24119K [0x00000000c0000000, 0x00000000c2b00000, 0x00000000eab00000)
  object space 44032K, 54% used [0x00000000c0000000,0x00000000c178dee8,0x00000000c2b00000)
 Metaspace       used 6476K, capacity 7222K, committed 7296K, reserved 1056768K
  class space    used 610K, capacity 622K, committed 640K, reserved 1048576K
}
Event: 15.382 GC heap before
{Heap before GC invocations=10 (full 1):
 PSYoungGen      total 114688K, used 114677K [0x00000000eab00000, 0x00000000f4d00000, 0x0000000100000000)
  eden space 99840K, 100% used [0x00000000eab00000,0x00000000f0c80000,0x00000000f0c80000)
  from space 14848K, 99% used [0x00000000f3e80000,0x00000000f4cfd400,0x00000000f4d00000)
  to   space 18432K, 0% used [0x00000000f2900000,0x00000000f2900000,0x00000000f3b00000)
 ParOldGen       total 44032K, used 24119K [0x00000000c0000000, 0x00000000c2b00000, 0x00000000eab00000)
  object space 44032K, 54% used [0x00000000c0000000,0x00000000c178dee8,0x00000000c2b00000)
 Metaspace       used 6574K, capacity 7256K, committed 7424K, reserved 1056768K
  class space    used 629K, capacity 656K, committed 768K, reserved 1048576K
Event: 16.240 GC heap after
Heap after GC invocations=10 (full 1):
 PSYoungGen      total 147456K, used 18411K [0x00000000eab00000, 0x00000000f6580000, 0x0000000100000000)
  eden space 129024K, 0% used [0x00000000eab00000,0x00000000eab00000,0x00000000f2900000)
  from space 18432K, 99% used [0x00000000f2900000,0x00000000f3afacc0,0x00000000f3b00000)
  to   space 26624K, 0% used [0x00000000f4b80000,0x00000000f4b80000,0x00000000f6580000)
 ParOldGen       total 44032K, used 36274K [0x00000000c0000000, 0x00000000c2b00000, 0x00000000eab00000)
  object space 44032K, 82% used [0x00000000c0000000,0x00000000c236c8f0,0x00000000c2b00000)
 Metaspace       used 6574K, capacity 7256K, committed 7424K, reserved 1056768K
  class space    used 629K, capacity 656K, committed 768K, reserved 1048576K
}
Event: 16.241 GC heap before
{Heap before GC invocations=11 (full 2):
 PSYoungGen      total 147456K, used 18411K [0x00000000eab00000, 0x00000000f6580000, 0x0000000100000000)
  eden space 129024K, 0% used [0x00000000eab00000,0x00000000eab00000,0x00000000f2900000)
  from space 18432K, 99% used [0x00000000f2900000,0x00000000f3afacc0,0x00000000f3b00000)
  to   space 26624K, 0% used [0x00000000f4b80000,0x00000000f4b80000,0x00000000f6580000)
 ParOldGen       total 44032K, used 36274K [0x00000000c0000000, 0x00000000c2b00000, 0x00000000eab00000)
  object space 44032K, 82% used [0x00000000c0000000,0x00000000c236c8f0,0x00000000c2b00000)
 Metaspace       used 6574K, capacity 7256K, committed 7424K, reserved 1056768K
  class space    used 629K, capacity 656K, committed 768K, reserved 1048576K
Event: 17.510 GC heap after
Heap after GC invocations=11 (full 2):
 PSYoungGen      total 147456K, used 8621K [0x00000000eab00000, 0x00000000f6580000, 0x0000000100000000)
  eden space 129024K, 0% used [0x00000000eab00000,0x00000000eab00000,0x00000000f2900000)
  from space 18432K, 46% used [0x00000000f2900000,0x00000000f316b598,0x00000000f3b00000)
  to   space 26624K, 0% used [0x00000000f4b80000,0x00000000f4b80000,0x00000000f6580000)
 ParOldGen       total 75776K, used 43592K [0x00000000c0000000, 0x00000000c4a00000, 0x00000000eab00000)
  object space 75776K, 57% used [0x00000000c0000000,0x00000000c2a920f0,0x00000000c4a00000)
 Metaspace       used 6574K, capacity 7256K, committed 7424K, reserved 1056768K
  class space    used 629K, capacity 656K, committed 768K, reserved 1048576K
}

Deoptimization events (10 events):
Event: 14.706 Thread 0x0000000056747000 Uncommon trap: reason=class_check action=maybe_recompile pc=0x0000000002f623d8 method=com.android.dx.cf.code.Ropper.processBlock(Lcom/android/dx/cf/code/ByteBlock;Lcom/android/dx/cf/code/Frame;[I)V @ 711
Event: 14.707 Thread 0x0000000056747000 Uncommon trap: reason=class_check action=maybe_recompile pc=0x0000000002f623d8 method=com.android.dx.cf.code.Ropper.processBlock(Lcom/android/dx/cf/code/ByteBlock;Lcom/android/dx/cf/code/Frame;[I)V @ 711
Event: 14.707 Thread 0x0000000056747000 Uncommon trap: reason=class_check action=maybe_recompile pc=0x0000000002f623d8 method=com.android.dx.cf.code.Ropper.processBlock(Lcom/android/dx/cf/code/ByteBlock;Lcom/android/dx/cf/code/Frame;[I)V @ 711
Event: 14.707 Thread 0x0000000056747000 Uncommon trap: reason=class_check action=maybe_recompile pc=0x0000000002f623d8 method=com.android.dx.cf.code.Ropper.processBlock(Lcom/android/dx/cf/code/ByteBlock;Lcom/android/dx/cf/code/Frame;[I)V @ 711
Event: 14.761 Thread 0x0000000056747000 Uncommon trap: reason=bimorphic action=maybe_recompile pc=0x0000000002ee40a4 method=com.android.dx.ssa.LiteralOpUpgrader.tryReplacingWithConstant(Lcom/android/dx/ssa/NormalSsaInsn;)Z @ 62
Event: 14.762 Thread 0x0000000056747000 Uncommon trap: reason=unstable_if action=reinterpret pc=0x0000000002f58c54 method=com.android.dx.ssa.LiteralOpUpgrader$1.visitNonMoveInsn(Lcom/android/dx/ssa/NormalSsaInsn;)V @ 24
Event: 14.768 Thread 0x0000000056747000 Uncommon trap: reason=bimorphic action=maybe_recompile pc=0x0000000002ee40a4 method=com.android.dx.ssa.LiteralOpUpgrader.tryReplacingWithConstant(Lcom/android/dx/ssa/NormalSsaInsn;)Z @ 62
Event: 14.966 Thread 0x0000000056741800 Uncommon trap: reason=unstable_if action=reinterpret pc=0x0000000002e42ddc method=java.util.HashMap.putVal(ILjava/lang/Object;Ljava/lang/Object;ZZ)Ljava/lang/Object; @ 109
Event: 14.978 Thread 0x0000000056747000 Uncommon trap: reason=unstable_if action=reinterpret pc=0x0000000002c97b40 method=java.util.HashMap.getNode(ILjava/lang/Object;)Ljava/util/HashMap$Node; @ 84
Event: 18.263 Thread 0x0000000056823000 Uncommon trap: reason=unstable_if action=reinterpret pc=0x0000000002d60948 method=java.util.HashMap.resize()[Ljava/util/HashMap$Node; @ 206

Internal exceptions (8 events):
Event: 0.463 Thread 0x000000000228e000 Exception <a 'java/lang/NoSuchMethodError': Method sun.misc.Unsafe.defineClass(Ljava/lang/String;[BII)Ljava/lang/Class; name or signature does not match> (0x00000000eab07cc0) thrown at [D:\re\workspace\8-2-build-windows-amd64-cygwin\jdk8u92\6642\hotspot\srNk±≥™ù›?
Event: 0.463 Thread 0x000000000228e000 Exception <a 'java/lang/NoSuchMethodError': Method sun.misc.Unsafe.prefetchRead(Ljava/lang/Object;J)V name or signature does not match> (0x00000000eab07fa8) thrown at [D:\re\workspace\8-2-build-windows-amd64-cygwin\jdk8u92\6642\hotspot\src\share\vm\prims\j·É,Gπ@
Event: 4.181 Thread 0x0000000056823000 Implicit null exception at 0x00000000029c8212 to 0x00000000029c8311
Event: 10.104 Thread 0x0000000056828800 Implicit null exception at 0x0000000002eb4b68 to 0x0000000002eb8d51
Event: 12.096 Thread 0x0000000056828800 Implicit null exception at 0x0000000002cfbfa0 to 0x0000000002cfdaf5
Event: 14.568 Thread 0x0000000056747000 Exception <a 'java/lang/ArrayIndexOutOfBoundsException': 18> (0x00000000ebe814c8) thrown at [D:\re\workspace\8-2-build-windows-amd64-cygwin\jdk8u92\6642\hotspot\src\share\vm\interpreter\interpreterRuntime.cpp, line 366]
Event: 14.570 Thread 0x0000000056747000 Exception <a 'java/lang/ArrayIndexOutOfBoundsException'> (0x00000000ebe83048) thrown at [D:\re\workspace\8-2-build-windows-amd64-cygwin\jdk8u92\6642\hotspot\src\share\vm\runtime\sharedRuntime.cpp, line 605]
Event: 14.584 Thread 0x0000000056747000 Exception <a 'java/lang/ArrayIndexOutOfBoundsException'> (0x00000000ebe84330) thrown at [D:\re\workspace\8-2-build-windows-amd64-cygwin\jdk8u92\6642\hotspot\src\share\vm\runtime\sharedRuntime.cpp, line 605]

Events (10 events):
Event: 18.101 Thread 0x0000000056747000 DEOPT UNPACKING pc=0x000000000270787f sp=0x0000000057c0e5b0 mode 0
Event: 18.119 Thread 0x0000000056747000 DEOPT PACKING pc=0x0000000002f43a53 sp=0x0000000057c0e950
Event: 18.119 Thread 0x0000000056747000 DEOPT UNPACKING pc=0x000000000270787f sp=0x0000000057c0e6e0 mode 0
Event: 18.160 Thread 0x0000000056828800 DEOPT PACKING pc=0x0000000002b7ce24 sp=0x000000005807ea60
Event: 18.160 Thread 0x0000000056828800 DEOPT UNPACKING pc=0x000000000270787f sp=0x000000005807e820 mode 0
Event: 18.263 Thread 0x0000000056823000 Uncommon trap: trap_request=0xffffff65 fr.pc=0x0000000002d60948
Event: 18.263 Thread 0x0000000056823000 DEOPT PACKING pc=0x0000000002d60948 sp=0x0000000057e6dcf0
Event: 18.263 Thread 0x0000000056823000 DEOPT UNPACKING pc=0x000000000270582a sp=0x0000000057e6dc58 mode 2
Event: 18.507 Thread 0x000000000228e000 DEOPT PACKING pc=0x0000000002b245e5 sp=0x00000000026be340
Event: 18.507 Thread 0x000000000228e000 DEOPT UNPACKING pc=0x000000000270787f sp=0x00000000026be0d0 mode 0


Dynamic libraries:
0x000000013f7d0000 - 0x000000013f807000 	C:\Program Files (x86)\Java\jdk1.8.0_92\bin\java.exe
0x00000000770d0000 - 0x000000007727a000 	C:\Windows\SYSTEM32\ntdll.dll
0x0000000076eb0000 - 0x0000000076fcf000 	C:\Windows\system32\kernel32.dll
0x000007fefd330000 - 0x000007fefd39a000 	C:\Windows\system32\KERNELBASE.dll
0x000007fefd710000 - 0x000007fefd7eb000 	C:\Windows\system32\ADVAPI32.dll
0x000007fefed00000 - 0x000007fefed9f000 	C:\Windows\system32\msvcrt.dll
0x000007feff390000 - 0x000007feff3af000 	C:\Windows\SYSTEM32\sechost.dll
0x000007fefef20000 - 0x000007feff04d000 	C:\Windows\system32\RPCRT4.dll
0x0000000076fd0000 - 0x00000000770ca000 	C:\Windows\system32\USER32.dll
0x000007fefd600000 - 0x000007fefd667000 	C:\Windows\system32\GDI32.dll
0x000007fefd510000 - 0x000007fefd51e000 	C:\Windows\system32\LPK.dll
0x000007fefeda0000 - 0x000007fefee6a000 	C:\Windows\system32\USP10.dll
0x000007fefb970000 - 0x000007fefbb64000 	C:\Windows\WinSxS\amd64_microsoft.windows.common-controls_6595b64144ccf1df_6.0.7601.18837_none_fa3b1e3d17594757\COMCTL32.dll
0x000007fefee90000 - 0x000007fefef01000 	C:\Windows\system32\SHLWAPI.dll
0x000007feff3b0000 - 0x000007feff3de000 	C:\Windows\system32\IMM32.DLL
0x000007feff050000 - 0x000007feff159000 	C:\Windows\system32\MSCTF.dll
0x0000000073db0000 - 0x0000000073e82000 	C:\Program Files (x86)\Java\jdk1.8.0_92\jre\bin\msvcr100.dll
0x0000000066c20000 - 0x00000000674b6000 	C:\Program Files (x86)\Java\jdk1.8.0_92\jre\bin\server\jvm.dll
0x000007fefb790000 - 0x000007fefb799000 	C:\Windows\system32\WSOCK32.dll
0x000007feff160000 - 0x000007feff1ad000 	C:\Windows\system32\WS2_32.dll
0x000007fefef10000 - 0x000007fefef18000 	C:\Windows\system32\NSI.dll
0x000007fefa6a0000 - 0x000007fefa6db000 	C:\Windows\system32\WINMM.dll
0x000007fefc0e0000 - 0x000007fefc0ec000 	C:\Windows\system32\VERSION.dll
0x00000000772a0000 - 0x00000000772a7000 	C:\Windows\system32\PSAPI.DLL
0x0000000074cb0000 - 0x0000000074cbf000 	C:\Program Files (x86)\Java\jdk1.8.0_92\jre\bin\verify.dll
0x0000000074c80000 - 0x0000000074ca9000 	C:\Program Files (x86)\Java\jdk1.8.0_92\jre\bin\java.dll
0x0000000074c60000 - 0x0000000074c76000 	C:\Program Files (x86)\Java\jdk1.8.0_92\jre\bin\zip.dll
0x000007fefd7f0000 - 0x000007fefe579000 	C:\Windows\system32\SHELL32.dll
0x000007fefe580000 - 0x000007fefe783000 	C:\Windows\system32\ole32.dll
0x000007fefcfd0000 - 0x000007fefcfdf000 	C:\Windows\system32\profapi.dll

VM Arguments:
jvm_args: -Djava.awt.headless=true -Xmx1024M -Dfile.encoding=GBK -Duser.country=CN -Duser.language=zh -Duser.variant 
java_command: com.android.dx.command.Main --dex --num-threads=4 --output C:\Users\Administrator\AndroidStudioProjects\NewApp\handlerdemo\build\intermediates\pre-dexed\debug\com.android.support-support-v4-23.4.0_2b0b2a910b0b9371ab70923f19b6cbd90d39dd12.jar C:\Users\Administrator\AndroidStudioProjects\NewApp\handlerdemo\build\intermediates\exploded-aar\com.android.support\support-v4\23.4.0\jars\classes.jar
java_class_path (initial): C:\Users\Administrator\Android-sdk\sdk\build-tools\24.0.2\lib\dx.jar
Launcher Type: SUN_STANDARD

Environment Variables:
JAVA_HOME=C:\Program Files (x86)\Java\jdk1.8.0_92
CLASSPATH=.;C:\Program Files (x86)\Java\jdk1.8.0_92\lib\dt.jar;C:\Program Files (x86)\Java\jdk1.8.0_92\lib\tools.jar
PATH=D:\Program Files\eclipseœ‡πÿπ§æﬂ\ant\Ant197/bin;D:\Program Files\eclipseœ‡πÿπ§æﬂªÚ∆‰À˚π§æﬂ\maven\Maven339/bin;C:\Program Files (x86)\Java\jdk1.8.0_92/bin;C:\Windows\system32;C:\Windows;C:\Windows\system32\wbem;C:\Program Files (x86)\MySQL\MySQL Fabric 1.5 & MySQL Utilities 1.5\;C:\Program Files (x86)\MySQL\MySQL Fabric 1.5 & MySQL Utilities 1.5\Doctrine extensions for PHP\;C:\Program Files\VisualSVN Server\bin;C:\Program Files\TortoiseSVN\bin;C:\Program Files\Microsoft Visual Studio\Common\MSDev98\Bin;C:\Program Files\Microsoft Visual Studio\Common\Tools;C:\Program Files\Microsoft Visual Studio\VC98\bin
USERNAME=Administrator
OS=Windows_NT
PROCESSOR_IDENTIFIER=Intel64 Family 6 Model 42 Stepping 7, GenuineIntel



---------------  S Y S T E M  ---------------

OS: Windows 7 , 64 bit Build 7601 (6.1.7601.23539)

CPU:total 4 (2 cores per cpu, 2 threads per core) family 6 model 42 stepping 7, cmov, cx8, fxsr, mmx, sse, sse2, sse3, ssse3, sse4.1, sse4.2, popcnt, avx, clmul, ht, tsc, tscinvbit

Memory: 4k page, physical 2078576k(33276k free), swap 5194608k(4956k free)

vm_info: Java HotSpot(TM) 64-Bit Server VM (25.92-b14) for windows-amd64 JRE (1.8.0_92-b14), built on Mar 31 2016 21:03:04 by "java_re" with MS VC++ 10.0 (VS2010)

time: Sun Oct 09 10:58:39 2016
elapsed time: 23 seconds (0d 0h 0m 23s)

